c:\users\nick williams\documents\school\ece 39595\parser\ece39595_parser\x64\debug\vc143.pdb
c:\users\nick williams\documents\school\ece 39595\parser\ece39595_parser\x64\debug\vc143.idb
c:\users\nick williams\documents\school\ece 39595\parser\ece39595_parser\x64\debug\popscal.obj
c:\users\nick williams\documents\school\ece 39595\parser\ece39595_parser\x64\debug\poparr.obj
c:\users\nick williams\documents\school\ece 39595\parser\ece39595_parser\x64\debug\pop.obj
c:\users\nick williams\documents\school\ece 39595\parser\ece39595_parser\x64\debug\negate.obj
c:\users\nick williams\documents\school\ece 39595\parser\ece39595_parser\x64\debug\mul.obj
c:\users\nick williams\documents\school\ece 39595\parser\ece39595_parser\x64\debug\label.obj
c:\users\nick williams\documents\school\ece 39595\parser\ece39595_parser\x64\debug\jumpzero.obj
c:\users\nick williams\documents\school\ece 39595\parser\ece39595_parser\x64\debug\jump.obj
c:\users\nick williams\documents\school\ece 39595\parser\ece39595_parser\x64\debug\gosublabel.obj
c:\users\nick williams\documents\school\ece 39595\parser\ece39595_parser\x64\debug\gosub.obj
c:\users\nick williams\documents\school\ece 39595\parser\ece39595_parser\x64\debug\exit.obj
c:\users\nick williams\documents\school\ece 39595\parser\ece39595_parser\x64\debug\end.obj
c:\users\nick williams\documents\school\ece 39595\parser\ece39595_parser\x64\debug\dup.obj
c:\users\nick williams\documents\school\ece 39595\parser\ece39595_parser\x64\debug\div.obj
c:\users\nick williams\documents\school\ece 39595\parser\ece39595_parser\x64\debug\declscal.obj
c:\users\nick williams\documents\school\ece 39595\parser\ece39595_parser\x64\debug\declarr.obj
c:\users\nick williams\documents\school\ece 39595\parser\ece39595_parser\x64\debug\add.obj
c:\users\nick williams\documents\school\ece 39595\parser\ece39595_parser\x64\debug\readwrite.obj
c:\users\nick williams\documents\school\ece 39595\parser\ece39595_parser\x64\debug\parser.obj
c:\users\nick williams\documents\school\ece 39595\parser\ece39595_parser\x64\debug\instructionbuffer.obj
c:\users\nick williams\documents\school\ece 39595\parser\ece39595_parser\x64\debug\main.obj
c:\users\nick williams\documents\school\ece 39595\parser\ece39595_parser\x64\debug\todobuffer.obj
c:\users\nick williams\documents\school\ece 39595\parser\ece39595_parser\x64\debug\symboltable.obj
c:\users\nick williams\documents\school\ece 39595\parser\ece39595_parser\x64\debug\stringbuffer.obj
c:\users\nick williams\documents\school\ece 39595\parser\ece39595_parser\x64\debug\swap.obj
c:\users\nick williams\documents\school\ece 39595\parser\ece39595_parser\x64\debug\stmtvarlen.obj
c:\users\nick williams\documents\school\ece 39595\parser\ece39595_parser\x64\debug\stmtvar.obj
c:\users\nick williams\documents\school\ece 39595\parser\ece39595_parser\x64\debug\stmtnone.obj
c:\users\nick williams\documents\school\ece 39595\parser\ece39595_parser\x64\debug\stmtlab.obj
c:\users\nick williams\documents\school\ece 39595\parser\ece39595_parser\x64\debug\stmtint.obj
c:\users\nick williams\documents\school\ece 39595\parser\ece39595_parser\x64\debug\stmt.obj
c:\users\nick williams\documents\school\ece 39595\parser\ece39595_parser\x64\debug\start.obj
c:\users\nick williams\documents\school\ece 39595\parser\ece39595_parser\x64\debug\return.obj
c:\users\nick williams\documents\school\ece 39595\parser\ece39595_parser\x64\debug\pushscal.obj
c:\users\nick williams\documents\school\ece 39595\parser\ece39595_parser\x64\debug\pushi.obj
c:\users\nick williams\documents\school\ece 39595\parser\ece39595_parser\x64\debug\pusharr.obj
c:\users\nick williams\documents\school\ece 39595\parser\ece39595_parser\x64\debug\printtos.obj
c:\users\nick williams\documents\school\ece 39595\parser\ece39595_parser\x64\debug\prints.obj
c:\users\nick williams\documents\school\ece 39595\parser\ece39595_parser\x64\debug\ece39595_parser.exe
c:\users\nick williams\documents\school\ece 39595\parser\ece39595_parser\x64\debug\ece39595_parser.ilk
c:\users\nick williams\documents\school\ece 39595\parser\ece39595_parser\x64\debug\ece39595_parser.pdb
c:\users\nick williams\documents\school\ece 39595\parser\ece39595_parser\x64\debug\ece39595_parser.tlog\cl.command.1.tlog
c:\users\nick williams\documents\school\ece 39595\parser\ece39595_parser\x64\debug\ece39595_parser.tlog\cl.read.1.tlog
c:\users\nick williams\documents\school\ece 39595\parser\ece39595_parser\x64\debug\ece39595_parser.tlog\cl.write.1.tlog
c:\users\nick williams\documents\school\ece 39595\parser\ece39595_parser\x64\debug\ece39595_parser.tlog\link.command.1.tlog
c:\users\nick williams\documents\school\ece 39595\parser\ece39595_parser\x64\debug\ece39595_parser.tlog\link.read.1.tlog
c:\users\nick williams\documents\school\ece 39595\parser\ece39595_parser\x64\debug\ece39595_parser.tlog\link.write.1.tlog
